<?xml version="1.0" encoding="UTF-8"?>
<testng-results ignored="0" total="2" passed="2" failed="0" skipped="0">
  <reporter-output>
  </reporter-output>
  <suite started-at="2022-09-03T11:03:55 IST" name="Suite" finished-at="2022-09-03T11:04:31 IST" duration-ms="35796">
    <groups>
    </groups>
    <test started-at="2022-09-03T11:03:55 IST" name="Test" finished-at="2022-09-03T11:04:31 IST" duration-ms="35796">
      <class name="TestCases.VerifyLoginTextCase">
        <test-method is-config="true" signature="launchBrowser()[pri:0, instance:TestCases.VerifyLoginTextCase@479d31f3]" started-at="2022-09-03T11:03:55 IST" name="launchBrowser" finished-at="2022-09-03T11:04:13 IST" duration-ms="17505" status="PASS">
          <reporter-output>
          </reporter-output>
        </test-method> <!-- launchBrowser -->
        <test-method signature="login()[pri:0, instance:TestCases.VerifyLoginTextCase@479d31f3]" started-at="2022-09-03T11:04:13 IST" name="login" finished-at="2022-09-03T11:04:14 IST" duration-ms="1284" status="PASS">
          <reporter-output>
          </reporter-output>
        </test-method> <!-- login -->
        <test-method is-config="true" signature="tearDown()[pri:0, instance:TestCases.VerifyLoginTextCase@479d31f3]" started-at="2022-09-03T11:04:14 IST" name="tearDown" finished-at="2022-09-03T11:04:14 IST" duration-ms="355" status="PASS">
          <reporter-output>
          </reporter-output>
        </test-method> <!-- tearDown -->
      </class> <!-- TestCases.VerifyLoginTextCase -->
      <class name="TestCases.VerifySignUpTextCase">
        <test-method is-config="true" signature="launchBrowser()[pri:0, instance:TestCases.VerifySignUpTextCase@6b927fb]" started-at="2022-09-03T11:04:14 IST" name="launchBrowser" finished-at="2022-09-03T11:04:19 IST" duration-ms="4322" status="PASS">
          <reporter-output>
          </reporter-output>
        </test-method> <!-- launchBrowser -->
        <test-method signature="SignUp()[pri:0, instance:TestCases.VerifySignUpTextCase@6b927fb]" started-at="2022-09-03T11:04:19 IST" name="SignUp" finished-at="2022-09-03T11:04:31 IST" duration-ms="11916" status="PASS">
          <reporter-output>
          </reporter-output>
        </test-method> <!-- SignUp -->
        <test-method is-config="true" signature="tearDown()[pri:0, instance:TestCases.VerifySignUpTextCase@6b927fb]" started-at="2022-09-03T11:04:31 IST" name="tearDown" finished-at="2022-09-03T11:04:31 IST" duration-ms="327" status="PASS">
          <reporter-output>
          </reporter-output>
        </test-method> <!-- tearDown -->
      </class> <!-- TestCases.VerifySignUpTextCase -->
    </test> <!-- Test -->
  </suite> <!-- Suite -->
</testng-results>
